INFO: [VRFC 10-2263] Analyzing Verilog file "C:/Users/Emily/Documents/Document/2015-2016/ECE532/Project/ASL_IP/ASL_IP.srcs/sources_1/new/ASL_IP.v" into library xil_defaultlib
INFO: [VRFC 10-311] analyzing module ASL_IP
INFO: [VRFC 10-2263] Analyzing Verilog file "C:/Users/Emily/Documents/Document/2015-2016/ECE532/Project/ASL_IP/ASL_IP.srcs/sim_1/new/ASL_tb.v" into library xil_defaultlib
INFO: [VRFC 10-311] analyzing module ASL_tb
WARNING: [VRFC 10-986] literal value truncated to fit in 6 bits [C:/Users/Emily/Documents/Document/2015-2016/ECE532/Project/ASL_IP/ASL_IP.srcs/sim_1/new/ASL_tb.v:51]
WARNING: [VRFC 10-986] literal value truncated to fit in 6 bits [C:/Users/Emily/Documents/Document/2015-2016/ECE532/Project/ASL_IP/ASL_IP.srcs/sim_1/new/ASL_tb.v:64]
WARNING: [VRFC 10-986] literal value truncated to fit in 6 bits [C:/Users/Emily/Documents/Document/2015-2016/ECE532/Project/ASL_IP/ASL_IP.srcs/sim_1/new/ASL_tb.v:77]
WARNING: [VRFC 10-986] literal value truncated to fit in 6 bits [C:/Users/Emily/Documents/Document/2015-2016/ECE532/Project/ASL_IP/ASL_IP.srcs/sim_1/new/ASL_tb.v:90]
WARNING: [VRFC 10-986] literal value truncated to fit in 6 bits [C:/Users/Emily/Documents/Document/2015-2016/ECE532/Project/ASL_IP/ASL_IP.srcs/sim_1/new/ASL_tb.v:103]
WARNING: [VRFC 10-986] literal value truncated to fit in 6 bits [C:/Users/Emily/Documents/Document/2015-2016/ECE532/Project/ASL_IP/ASL_IP.srcs/sim_1/new/ASL_tb.v:116]
WARNING: [VRFC 10-986] literal value truncated to fit in 6 bits [C:/Users/Emily/Documents/Document/2015-2016/ECE532/Project/ASL_IP/ASL_IP.srcs/sim_1/new/ASL_tb.v:129]
WARNING: [VRFC 10-986] literal value truncated to fit in 6 bits [C:/Users/Emily/Documents/Document/2015-2016/ECE532/Project/ASL_IP/ASL_IP.srcs/sim_1/new/ASL_tb.v:142]
WARNING: [VRFC 10-986] literal value truncated to fit in 6 bits [C:/Users/Emily/Documents/Document/2015-2016/ECE532/Project/ASL_IP/ASL_IP.srcs/sim_1/new/ASL_tb.v:155]
WARNING: [VRFC 10-986] literal value truncated to fit in 6 bits [C:/Users/Emily/Documents/Document/2015-2016/ECE532/Project/ASL_IP/ASL_IP.srcs/sim_1/new/ASL_tb.v:168]
WARNING: [VRFC 10-986] literal value truncated to fit in 6 bits [C:/Users/Emily/Documents/Document/2015-2016/ECE532/Project/ASL_IP/ASL_IP.srcs/sim_1/new/ASL_tb.v:181]
WARNING: [VRFC 10-986] literal value truncated to fit in 6 bits [C:/Users/Emily/Documents/Document/2015-2016/ECE532/Project/ASL_IP/ASL_IP.srcs/sim_1/new/ASL_tb.v:194]
WARNING: [VRFC 10-986] literal value truncated to fit in 6 bits [C:/Users/Emily/Documents/Document/2015-2016/ECE532/Project/ASL_IP/ASL_IP.srcs/sim_1/new/ASL_tb.v:205]
WARNING: [VRFC 10-986] literal value truncated to fit in 6 bits [C:/Users/Emily/Documents/Document/2015-2016/ECE532/Project/ASL_IP/ASL_IP.srcs/sim_1/new/ASL_tb.v:216]
WARNING: [VRFC 10-986] literal value truncated to fit in 6 bits [C:/Users/Emily/Documents/Document/2015-2016/ECE532/Project/ASL_IP/ASL_IP.srcs/sim_1/new/ASL_tb.v:229]
WARNING: [VRFC 10-986] literal value truncated to fit in 6 bits [C:/Users/Emily/Documents/Document/2015-2016/ECE532/Project/ASL_IP/ASL_IP.srcs/sim_1/new/ASL_tb.v:242]
WARNING: [VRFC 10-986] literal value truncated to fit in 6 bits [C:/Users/Emily/Documents/Document/2015-2016/ECE532/Project/ASL_IP/ASL_IP.srcs/sim_1/new/ASL_tb.v:255]
WARNING: [VRFC 10-986] literal value truncated to fit in 6 bits [C:/Users/Emily/Documents/Document/2015-2016/ECE532/Project/ASL_IP/ASL_IP.srcs/sim_1/new/ASL_tb.v:268]
WARNING: [VRFC 10-986] literal value truncated to fit in 6 bits [C:/Users/Emily/Documents/Document/2015-2016/ECE532/Project/ASL_IP/ASL_IP.srcs/sim_1/new/ASL_tb.v:281]
WARNING: [VRFC 10-986] literal value truncated to fit in 6 bits [C:/Users/Emily/Documents/Document/2015-2016/ECE532/Project/ASL_IP/ASL_IP.srcs/sim_1/new/ASL_tb.v:294]
WARNING: [VRFC 10-986] literal value truncated to fit in 6 bits [C:/Users/Emily/Documents/Document/2015-2016/ECE532/Project/ASL_IP/ASL_IP.srcs/sim_1/new/ASL_tb.v:307]
WARNING: [VRFC 10-986] literal value truncated to fit in 6 bits [C:/Users/Emily/Documents/Document/2015-2016/ECE532/Project/ASL_IP/ASL_IP.srcs/sim_1/new/ASL_tb.v:320]
WARNING: [VRFC 10-986] literal value truncated to fit in 6 bits [C:/Users/Emily/Documents/Document/2015-2016/ECE532/Project/ASL_IP/ASL_IP.srcs/sim_1/new/ASL_tb.v:333]
WARNING: [VRFC 10-986] literal value truncated to fit in 6 bits [C:/Users/Emily/Documents/Document/2015-2016/ECE532/Project/ASL_IP/ASL_IP.srcs/sim_1/new/ASL_tb.v:346]
INFO: [VRFC 10-2263] Analyzing Verilog file "C:/Users/Emily/Documents/Document/2015-2016/ECE532/Project/ASL_IP/ASL_IP.sim/sim_1/behav/glbl.v" into library xil_defaultlib
INFO: [VRFC 10-311] analyzing module glbl
