#-----------------------------------------------------------
# Webtalk v2015.1 (64-bit)
# SW Build 1215546 on Mon Apr 27 19:37:43 MDT 2015
# 
# Start of session at: Mon Apr 04 21:21:38 2016
# Process ID: 6200
# Log file: C:/Users/Emily/Documents/Document/2015-2016/ECE532/Project/ASL_Project/ASL_Project.sdk/webtalk/webtalk.log
# Journal file: C:/Users/Emily/Documents/Document/2015-2016/ECE532/Project/ASL_Project/ASL_Project.sdk/webtalk\webtalk.jou
#-----------------------------------------------------------
source sdk_webtalk.tcl
# webtalk_init -webtalk_dir C:\\Users\\Emily\\Documents\\Document\\2015-2016\\ECE532\\Project\\ASL_Project\\ASL_Project.sdk\\webtalk
# webtalk_register_client -client project
# webtalk_add_data -client project -key date_generated -value "Mon Apr 4 21:21:25 2016" -context "software_version_and_target_device"
# webtalk_add_data -client project -key product_version -value "SDK v2015.1" -context "software_version_and_target_device"
# webtalk_add_data -client project -key build_version -value "2015.1" -context "software_version_and_target_device"
# webtalk_add_data -client project -key os_platform -value "amd64" -context "software_version_and_target_device"
# webtalk_add_data -client project -key registration_id -value "" -context "software_version_and_target_device"
# webtalk_add_data -client project -key tool_flow -value "SDK" -context "software_version_and_target_device"
# webtalk_add_data -client project -key beta -value "false" -context "software_version_and_target_device"
# webtalk_add_data -client project -key route_design -value "NA" -context "software_version_and_target_device"
# webtalk_add_data -client project -key target_family -value "NA" -context "software_version_and_target_device"
# webtalk_add_data -client project -key target_device -value "NA" -context "software_version_and_target_device"
# webtalk_add_data -client project -key target_package -value "NA" -context "software_version_and_target_device"
# webtalk_add_data -client project -key target_speed -value "NA" -context "software_version_and_target_device"
# webtalk_add_data -client project -key random_id -value "aajuohmrasml9igpsdf5tmu5a" -context "software_version_and_target_device"
# webtalk_add_data -client project -key project_id -value "2015.1_26" -context "software_version_and_target_device"
# webtalk_add_data -client project -key project_iteration -value "26" -context "software_version_and_target_device"
# webtalk_add_data -client project -key os_name -value "" -context "user_environment"
# webtalk_add_data -client project -key os_release -value "" -context "user_environment"
# webtalk_add_data -client project -key cpu_name -value "" -context "user_environment"
# webtalk_add_data -client project -key cpu_speed -value "" -context "user_environment"
# webtalk_add_data -client project -key total_processors -value "" -context "user_environment"
# webtalk_add_data -client project -key system_ram -value "" -context "user_environment"
# webtalk_register_client -client sdk
# webtalk_add_data -client sdk -key uid -value "1459786757556" -context "sdk\\\\hardware/1459786757556"
# webtalk_add_data -client sdk -key isZynq -value "false" -context "sdk\\\\hardware/1459786757556"
# webtalk_add_data -client sdk -key Processors -value "1" -context "sdk\\\\hardware/1459786757556"
# webtalk_add_data -client sdk -key VivadoVersion -value "2015.1" -context "sdk\\\\hardware/1459786757556"
# webtalk_add_data -client sdk -key Arch -value "artix7" -context "sdk\\\\hardware/1459786757556"
# webtalk_add_data -client sdk -key Device -value "7a100t" -context "sdk\\\\hardware/1459786757556"
# webtalk_add_data -client sdk -key IsHandoff -value "true" -context "sdk\\\\hardware/1459786757556"
# webtalk_add_data -client sdk -key uid -value "1459786776184" -context "sdk\\\\bsp/1459786776184"
# webtalk_add_data -client sdk -key hwid -value "1459786757556" -context "sdk\\\\bsp/1459786776184"
# webtalk_add_data -client sdk -key os -value "standalone" -context "sdk\\\\bsp/1459786776184"
# webtalk_add_data -client sdk -key apptemplate -value "hello_world" -context "sdk\\\\bsp/1459786776184"
# webtalk_add_data -client sdk -key uid -value "1459786785170" -context "sdk\\\\application/1459786785170"
# webtalk_add_data -client sdk -key hwid -value "1459786757556" -context "sdk\\\\application/1459786785170"
# webtalk_add_data -client sdk -key bspid -value "1459786776184" -context "sdk\\\\application/1459786785170"
# webtalk_add_data -client sdk -key newbsp -value "true" -context "sdk\\\\application/1459786785170"
# webtalk_add_data -client sdk -key os -value "standalone" -context "sdk\\\\application/1459786785170"
# webtalk_add_data -client sdk -key apptemplate -value "hello_world" -context "sdk\\\\application/1459786785170"
# webtalk_transmit -clientid 1947798189 -regid "" -xml C:\\Users\\Emily\\Documents\\Document\\2015-2016\\ECE532\\Project\\ASL_Project\\ASL_Project.sdk\\webtalk\\usage_statistics_ext_sdk.xml -html C:\\Users\\Emily\\Documents\\Document\\2015-2016\\ECE532\\Project\\ASL_Project\\ASL_Project.sdk\\webtalk\\usage_statistics_ext_sdk.html -wdm C:\\Users\\Emily\\Documents\\Document\\2015-2016\\ECE532\\Project\\ASL_Project\\ASL_Project.sdk\\webtalk\\sdk_webtalk.wdm -intro "<H3>SDK Usage Report</H3><BR>"

    while executing
"webtalk_transmit -clientid 1947798189 -regid "" -xml C:\\Users\\Emily\\Documents\\Document\\2015-2016\\ECE532\\Project\\ASL_Project\\ASL_Project.sdk\\..."
    (file "sdk_webtalk.tcl" line 42)
INFO: [Common 17-206] Exiting Webtalk at Mon Apr 04 21:21:44 2016...
